# JRE version: OpenJDK Runtime Environment (11.0.13) (build 11.0.13+0-b1751.21-8125866)
# Java VM: OpenJDK 64-Bit Server VM (11.0.13+0-b1751.21-8125866, mixed mode, tiered, compressed oops, g1 gc, windows-amd64)
Heap:
 garbage-first heap   total 444416K, used 341377K [0x0000000080000000, 0x0000000100000000)
  region size 1024K, 37 young (37888K), 10 survivors (10240K)
 Metaspace       used 124399K, capacity 127556K, committed 127656K, reserved 1161216K
  class space    used 15439K, capacity 16660K, committed 16716K, reserved 1048576K
GC Heap History (20 events):
Event: 82.687 GC heap before
{Heap before GC invocations=68 (full 0):
 garbage-first heap   total 444416K, used 345849K [0x0000000080000000, 0x0000000100000000)
  region size 1024K, 86 young (88064K), 5 survivors (5120K)
 Metaspace       used 110138K, capacity 113030K, committed 113192K, reserved 1146880K
  class space    used 13972K, capacity 15051K, committed 15052K, reserved 1048576K
}
Event: 82.701 GC heap after
{Heap after GC invocations=69 (full 0):
 garbage-first heap   total 444416K, used 280425K [0x0000000080000000, 0x0000000100000000)
  region size 1024K, 11 young (11264K), 11 survivors (11264K)
 Metaspace       used 110138K, capacity 113030K, committed 113192K, reserved 1146880K
  class space    used 13972K, capacity 15051K, committed 15052K, reserved 1048576K
}
Event: 84.533 GC heap before
{Heap before GC invocations=69 (full 0):
 garbage-first heap   total 444416K, used 376681K [0x0000000080000000, 0x0000000100000000)
  region size 1024K, 81 young (82944K), 11 survivors (11264K)
 Metaspace       used 112875K, capacity 115789K, committed 115880K, reserved 1150976K
  class space    used 14285K, capacity 15366K, committed 15436K, reserved 1048576K
}
Event: 84.552 GC heap after
{Heap after GC invocations=70 (full 0):
 garbage-first heap   total 444416K, used 290260K [0x0000000080000000, 0x0000000100000000)
  region size 1024K, 9 young (9216K), 9 survivors (9216K)
 Metaspace       used 112875K, capacity 115789K, committed 115880K, reserved 1150976K
  class space    used 14285K, capacity 15366K, committed 15436K, reserved 1048576K
}
Event: 85.164 GC heap before
{Heap before GC invocations=70 (full 0):
 garbage-first heap   total 444416K, used 357844K [0x0000000080000000, 0x0000000100000000)
  region size 1024K, 76 young (77824K), 9 survivors (9216K)
 Metaspace       used 116261K, capacity 119226K, committed 119464K, reserved 1153024K
  class space    used 14545K, capacity 15664K, committed 15692K, reserved 1048576K
}
Event: 85.176 GC heap after
{Heap after GC invocations=71 (full 0):
 garbage-first heap   total 444416K, used 298209K [0x0000000080000000, 0x0000000100000000)
  region size 1024K, 9 young (9216K), 9 survivors (9216K)
 Metaspace       used 116261K, capacity 119226K, committed 119464K, reserved 1153024K
  class space    used 14545K, capacity 15664K, committed 15692K, reserved 1048576K
}
Event: 85.745 GC heap before
{Heap before GC invocations=71 (full 0):
 garbage-first heap   total 444416K, used 365793K [0x0000000080000000, 0x0000000100000000)
  region size 1024K, 74 young (75776K), 9 survivors (9216K)
 Metaspace       used 117679K, capacity 120641K, committed 120872K, reserved 1155072K
  class space    used 14674K, capacity 15772K, committed 15820K, reserved 1048576K
}
Event: 85.753 GC heap after
{Heap after GC invocations=72 (full 0):
 garbage-first heap   total 444416K, used 298982K [0x0000000080000000, 0x0000000100000000)
  region size 1024K, 6 young (6144K), 6 survivors (6144K)
 Metaspace       used 117679K, capacity 120641K, committed 120872K, reserved 1155072K
  class space    used 14674K, capacity 15772K, committed 15820K, reserved 1048576K
}
Event: 86.640 GC heap before
{Heap before GC invocations=72 (full 0):
 garbage-first heap   total 444416K, used 366566K [0x0000000080000000, 0x0000000100000000)
  region size 1024K, 73 young (74752K), 6 survivors (6144K)
 Metaspace       used 118291K, capacity 121252K, committed 121512K, reserved 1155072K
  class space    used 14720K, capacity 15868K, committed 15948K, reserved 1048576K
}
Event: 86.648 GC heap after
{Heap after GC invocations=73 (full 0):
 garbage-first heap   total 444416K, used 301827K [0x0000000080000000, 0x0000000100000000)
  region size 1024K, 9 young (9216K), 9 survivors (9216K)
 Metaspace       used 118291K, capacity 121252K, committed 121512K, reserved 1155072K
  class space    used 14720K, capacity 15868K, committed 15948K, reserved 1048576K
}
Event: 90.339 GC heap before
{Heap before GC invocations=73 (full 0):
 garbage-first heap   total 444416K, used 370435K [0x0000000080000000, 0x0000000100000000)
  region size 1024K, 77 young (78848K), 9 survivors (9216K)
 Metaspace       used 120325K, capacity 123396K, committed 123560K, reserved 1157120K
  class space    used 14951K, capacity 16103K, committed 16204K, reserved 1048576K
}
Event: 90.348 GC heap after
{Heap after GC invocations=74 (full 0):
 garbage-first heap   total 444416K, used 305073K [0x0000000080000000, 0x0000000100000000)
  region size 1024K, 8 young (8192K), 8 survivors (8192K)
 Metaspace       used 120325K, capacity 123396K, committed 123560K, reserved 1157120K
  class space    used 14951K, capacity 16103K, committed 16204K, reserved 1048576K
}
Event: 91.022 GC heap before
{Heap before GC invocations=74 (full 0):
 garbage-first heap   total 444416K, used 376753K [0x0000000080000000, 0x0000000100000000)
  region size 1024K, 77 young (78848K), 8 survivors (8192K)
 Metaspace       used 122566K, capacity 125570K, committed 125864K, reserved 1159168K
  class space    used 15206K, capacity 16335K, committed 16460K, reserved 1048576K
}
Event: 91.033 GC heap after
{Heap after GC invocations=75 (full 0):
 garbage-first heap   total 444416K, used 311182K [0x0000000080000000, 0x0000000100000000)
  region size 1024K, 8 young (8192K), 8 survivors (8192K)
 Metaspace       used 122566K, capacity 125570K, committed 125864K, reserved 1159168K
  class space    used 15206K, capacity 16335K, committed 16460K, reserved 1048576K
}
Event: 91.252 GC heap before
{Heap before GC invocations=75 (full 0):
 garbage-first heap   total 444416K, used 378766K [0x0000000080000000, 0x0000000100000000)
  region size 1024K, 74 young (75776K), 8 survivors (8192K)
 Metaspace       used 122566K, capacity 125570K, committed 125864K, reserved 1159168K
  class space    used 15206K, capacity 16335K, committed 16460K, reserved 1048576K
}
Event: 91.258 GC heap after
{Heap after GC invocations=76 (full 0):
 garbage-first heap   total 444416K, used 312501K [0x0000000080000000, 0x0000000100000000)
  region size 1024K, 6 young (6144K), 6 survivors (6144K)
 Metaspace       used 122566K, capacity 125570K, committed 125864K, reserved 1159168K
  class space    used 15206K, capacity 16335K, committed 16460K, reserved 1048576K
}
Event: 91.926 GC heap before
{Heap before GC invocations=76 (full 0):
 garbage-first heap   total 444416K, used 382133K [0x0000000080000000, 0x0000000100000000)
  region size 1024K, 74 young (75776K), 6 survivors (6144K)
 Metaspace       used 123301K, capacity 126346K, committed 126632K, reserved 1159168K
  class space    used 15295K, capacity 16412K, committed 16460K, reserved 1048576K
}
Event: 91.930 GC heap after
{Heap after GC invocations=77 (full 0):
 garbage-first heap   total 444416K, used 309048K [0x0000000080000000, 0x0000000100000000)
  region size 1024K, 5 young (5120K), 5 survivors (5120K)
 Metaspace       used 123301K, capacity 126346K, committed 126632K, reserved 1159168K
  class space    used 15295K, capacity 16412K, committed 16460K, reserved 1048576K
}
Event: 116.405 GC heap before
{Heap before GC invocations=77 (full 0):
 garbage-first heap   total 444416K, used 382776K [0x0000000080000000, 0x0000000100000000)
  region size 1024K, 78 young (79872K), 5 survivors (5120K)
 Metaspace       used 124268K, capacity 127417K, committed 127656K, reserved 1161216K
  class space    used 15428K, capacity 16640K, committed 16716K, reserved 1048576K
}
Event: 116.422 GC heap after
{Heap after GC invocations=78 (full 0):
 garbage-first heap   total 444416K, used 315777K [0x0000000080000000, 0x0000000100000000)
  region size 1024K, 10 young (10240K), 10 survivors (10240K)
 Metaspace       used 124268K, capacity 127417K, committed 127656K, reserved 1161216K
  class space    used 15428K, capacity 16640K, committed 16716K, reserved 1048576K
}

