# JRE version: OpenJDK Runtime Environment (11.0.13) (build 11.0.13+0-b1751.21-8125866)
# Java VM: OpenJDK 64-Bit Server VM (11.0.13+0-b1751.21-8125866, mixed mode, tiered, compressed oops, g1 gc, windows-amd64)
Heap:
 garbage-first heap   total 382976K, used 308224K [0x0000000080000000, 0x0000000100000000)
  region size 1024K, 18 young (18432K), 6 survivors (6144K)
 Metaspace       used 112679K, capacity 115695K, committed 115920K, reserved 1148928K
  class space    used 14474K, capacity 15617K, committed 15648K, reserved 1048576K
GC Heap History (20 events):
Event: 24.199 GC heap before
{Heap before GC invocations=39 (full 0):
 garbage-first heap   total 318464K, used 252118K [0x0000000080000000, 0x0000000100000000)
  region size 1024K, 15 young (15360K), 4 survivors (4096K)
 Metaspace       used 104966K, capacity 107508K, committed 107728K, reserved 1142784K
  class space    used 13575K, capacity 14578K, committed 14624K, reserved 1048576K
}
Event: 24.206 GC heap after
{Heap after GC invocations=40 (full 0):
 garbage-first heap   total 318464K, used 237081K [0x0000000080000000, 0x0000000100000000)
  region size 1024K, 1 young (1024K), 1 survivors (1024K)
 Metaspace       used 104966K, capacity 107508K, committed 107728K, reserved 1142784K
  class space    used 13575K, capacity 14578K, committed 14624K, reserved 1048576K
}
Event: 24.479 GC heap before
{Heap before GC invocations=40 (full 0):
 garbage-first heap   total 318464K, used 266777K [0x0000000080000000, 0x0000000100000000)
  region size 1024K, 31 young (31744K), 1 survivors (1024K)
 Metaspace       used 105610K, capacity 108228K, committed 108368K, reserved 1142784K
  class space    used 13664K, capacity 14687K, committed 14752K, reserved 1048576K
}
Event: 24.484 GC heap after
{Heap after GC invocations=41 (full 0):
 garbage-first heap   total 318464K, used 237792K [0x0000000080000000, 0x0000000100000000)
  region size 1024K, 2 young (2048K), 2 survivors (2048K)
 Metaspace       used 105610K, capacity 108228K, committed 108368K, reserved 1142784K
  class space    used 13664K, capacity 14687K, committed 14752K, reserved 1048576K
}
Event: 24.576 GC heap before
{Heap before GC invocations=41 (full 0):
 garbage-first heap   total 318464K, used 250080K [0x0000000080000000, 0x0000000100000000)
  region size 1024K, 15 young (15360K), 2 survivors (2048K)
 Metaspace       used 106128K, capacity 108695K, committed 108880K, reserved 1142784K
  class space    used 13716K, capacity 14730K, committed 14752K, reserved 1048576K
}
Event: 24.581 GC heap after
{Heap after GC invocations=42 (full 0):
 garbage-first heap   total 318464K, used 238196K [0x0000000080000000, 0x0000000100000000)
  region size 1024K, 2 young (2048K), 2 survivors (2048K)
 Metaspace       used 106128K, capacity 108695K, committed 108880K, reserved 1142784K
  class space    used 13716K, capacity 14730K, committed 14752K, reserved 1048576K
}
Event: 25.048 GC heap before
{Heap before GC invocations=43 (full 0):
 garbage-first heap   total 318464K, used 290420K [0x0000000080000000, 0x0000000100000000)
  region size 1024K, 34 young (34816K), 2 survivors (2048K)
 Metaspace       used 107740K, capacity 110395K, committed 110672K, reserved 1144832K
  class space    used 13914K, capacity 14948K, committed 15008K, reserved 1048576K
}
Event: 25.055 GC heap after
{Heap after GC invocations=44 (full 0):
 garbage-first heap   total 382976K, used 240366K [0x0000000080000000, 0x0000000100000000)
  region size 1024K, 4 young (4096K), 4 survivors (4096K)
 Metaspace       used 107740K, capacity 110395K, committed 110672K, reserved 1144832K
  class space    used 13914K, capacity 14948K, committed 15008K, reserved 1048576K
}
Event: 25.324 GC heap before
{Heap before GC invocations=44 (full 0):
 garbage-first heap   total 382976K, used 253678K [0x0000000080000000, 0x0000000100000000)
  region size 1024K, 18 young (18432K), 4 survivors (4096K)
 Metaspace       used 108813K, capacity 111502K, committed 111568K, reserved 1146880K
  class space    used 14056K, capacity 15091K, committed 15136K, reserved 1048576K
}
Event: 25.339 GC heap after
{Heap after GC invocations=45 (full 0):
 garbage-first heap   total 382976K, used 198141K [0x0000000080000000, 0x0000000100000000)
  region size 1024K, 1 young (1024K), 1 survivors (1024K)
 Metaspace       used 108813K, capacity 111502K, committed 111568K, reserved 1146880K
  class space    used 14056K, capacity 15091K, committed 15136K, reserved 1048576K
}
Event: 37.226 GC heap before
{Heap before GC invocations=45 (full 0):
 garbage-first heap   total 382976K, used 214525K [0x0000000080000000, 0x0000000100000000)
  region size 1024K, 18 young (18432K), 1 survivors (1024K)
 Metaspace       used 110921K, capacity 113750K, committed 114000K, reserved 1148928K
  class space    used 14388K, capacity 15497K, committed 15520K, reserved 1048576K
}
Event: 37.237 GC heap after
{Heap after GC invocations=46 (full 0):
 garbage-first heap   total 382976K, used 193545K [0x0000000080000000, 0x0000000100000000)
  region size 1024K, 2 young (2048K), 2 survivors (2048K)
 Metaspace       used 110921K, capacity 113750K, committed 114000K, reserved 1148928K
  class space    used 14388K, capacity 15497K, committed 15520K, reserved 1048576K
}
Event: 117.832 GC heap before
{Heap before GC invocations=46 (full 0):
 garbage-first heap   total 382976K, used 278537K [0x0000000080000000, 0x0000000100000000)
  region size 1024K, 85 young (87040K), 2 survivors (2048K)
 Metaspace       used 112459K, capacity 115511K, committed 115664K, reserved 1148928K
  class space    used 14467K, capacity 15608K, committed 15648K, reserved 1048576K
}
Event: 117.852 GC heap after
{Heap after GC invocations=47 (full 0):
 garbage-first heap   total 382976K, used 200731K [0x0000000080000000, 0x0000000100000000)
  region size 1024K, 9 young (9216K), 9 survivors (9216K)
 Metaspace       used 112459K, capacity 115511K, committed 115664K, reserved 1148928K
  class space    used 14467K, capacity 15608K, committed 15648K, reserved 1048576K
}
Event: 119.032 GC heap before
{Heap before GC invocations=47 (full 0):
 garbage-first heap   total 382976K, used 329755K [0x0000000080000000, 0x0000000100000000)
  region size 1024K, 94 young (96256K), 9 survivors (9216K)
 Metaspace       used 112669K, capacity 115695K, committed 115920K, reserved 1148928K
  class space    used 14474K, capacity 15617K, committed 15648K, reserved 1048576K
}
Event: 119.056 GC heap after
{Heap after GC invocations=48 (full 0):
 garbage-first heap   total 382976K, used 246691K [0x0000000080000000, 0x0000000100000000)
  region size 1024K, 12 young (12288K), 12 survivors (12288K)
 Metaspace       used 112669K, capacity 115695K, committed 115920K, reserved 1148928K
  class space    used 14474K, capacity 15617K, committed 15648K, reserved 1048576K
}
Event: 119.269 GC heap before
{Heap before GC invocations=48 (full 0):
 garbage-first heap   total 382976K, used 306083K [0x0000000080000000, 0x0000000100000000)
  region size 1024K, 69 young (70656K), 12 survivors (12288K)
 Metaspace       used 112677K, capacity 115695K, committed 115920K, reserved 1148928K
  class space    used 14474K, capacity 15617K, committed 15648K, reserved 1048576K
}
Event: 119.302 GC heap after
{Heap after GC invocations=49 (full 0):
 garbage-first heap   total 382976K, used 276765K [0x0000000080000000, 0x0000000100000000)
  region size 1024K, 9 young (9216K), 9 survivors (9216K)
 Metaspace       used 112677K, capacity 115695K, committed 115920K, reserved 1148928K
  class space    used 14474K, capacity 15617K, committed 15648K, reserved 1048576K
}
Event: 119.402 GC heap before
{Heap before GC invocations=49 (full 0):
 garbage-first heap   total 382976K, used 311581K [0x0000000080000000, 0x0000000100000000)
  region size 1024K, 44 young (45056K), 9 survivors (9216K)
 Metaspace       used 112679K, capacity 115695K, committed 115920K, reserved 1148928K
  class space    used 14474K, capacity 15617K, committed 15648K, reserved 1048576K
}
Event: 119.427 GC heap after
{Heap after GC invocations=50 (full 0):
 garbage-first heap   total 382976K, used 296960K [0x0000000080000000, 0x0000000100000000)
  region size 1024K, 6 young (6144K), 6 survivors (6144K)
 Metaspace       used 112679K, capacity 115695K, committed 115920K, reserved 1148928K
  class space    used 14474K, capacity 15617K, committed 15648K, reserved 1048576K
}

